<?xml version="1.0" encoding="UTF-8"?>
<!-- Generated by org.testng.reporters.JUnitReportReporter -->
<testsuite hostname="DESKTOP-ECE926R" failures="0" tests="1" name="com.java.testNG.OpenLambdatest" time="4.523" errors="0" timestamp="2023-05-06T16:32:59 IST" skipped="0">
  <testcase classname="com.java.testNG.OpenLambdatest" name="checkTheUrl" time="4.523"/>
  <system-out/>
</testsuite> <!-- com.java.testNG.OpenLambdatest -->
