<?xml version="1.0" encoding="UTF-8"?>
<!-- Generated by org.testng.reporters.JUnitReportReporter -->
<testsuite hostname="DESKTOP-ECE926R" failures="0" tests="1" name="com.java.testNG.OpenSpiceJect" time="5.991" errors="0" timestamp="2023-05-06T15:06:06 IST" skipped="0">
  <testcase classname="com.java.testNG.OpenSpiceJect" name="checkTheUrl" time="5.991"/>
  <system-out/>
</testsuite> <!-- com.java.testNG.OpenSpiceJect -->
